com.qa.datc.testscript.Search_Validations 2019-04-02 11:23:52,259 com.qa.dtac.base.BaseTest.init(BaseTest.java:51) ExtentReport Initializing... 
com.qa.datc.testscript.Search_Validations 2019-04-02 11:23:52,537 com.qa.dtac.base.BaseTest.initGlobalVar(BaseTest.java:60) Global variables are Initializing... 
com.qa.datc.testscript.Search_Validations 2019-04-02 11:23:52,552 com.qa.dtac.base.BaseTest.initApplication(BaseTest.java:73)  browser chrome opening... 
com.qa.datc.testscript.Search_Validations 2019-04-02 11:23:59,537 com.qa.dtac.base.BaseTest.preCondtion(BaseTest.java:97) url entered... 
com.qa.datc.testscript.Search_Validations 2019-04-02 11:23:59,540 com.qa.dtac.base.BaseTest.preCondtion(BaseTest.java:111) started test executing : testRoleCreate 
com.qa.datc.testscript.Search_Validations 2019-04-02 11:24:13,227 com.qa.dtac.base.BaseTest.postCondition(BaseTest.java:134) Test is PASSED 
 
com.qa.datc.testscript.Search_Validations 2019-04-02 11:24:13,231 com.qa.dtac.base.BaseTest.closeApplication(BaseTest.java:141) closing browser 
com.qa.datc.testscript.Search_Validations 2019-04-02 11:24:13,372 com.qa.dtac.base.BaseTest.initApplication(BaseTest.java:73)  browser chrome opening... 
com.qa.datc.testscript.Search_Validations 2019-04-02 11:24:18,459 com.qa.dtac.base.BaseTest.preCondtion(BaseTest.java:97) url entered... 
com.qa.datc.testscript.Search_Validations 2019-04-02 11:24:18,460 com.qa.dtac.base.BaseTest.preCondtion(BaseTest.java:111) started test executing : testLogin 
com.qa.datc.testscript.Search_Validations 2019-04-02 11:24:22,023 com.qa.dtac.base.BaseTest.postCondition(BaseTest.java:134) Test is PASSED 
 
com.qa.datc.testscript.Search_Validations 2019-04-02 11:24:22,023 com.qa.dtac.base.BaseTest.closeApplication(BaseTest.java:141) closing browser 
com.qa.datc.testscript.Search_Validations 2019-04-02 11:24:22,249 com.qa.dtac.base.BaseTest.initApplication(BaseTest.java:73)  browser chrome opening... 
com.qa.datc.testscript.Search_Validations 2019-04-02 11:24:27,159 com.qa.dtac.base.BaseTest.preCondtion(BaseTest.java:97) url entered... 
com.qa.datc.testscript.Search_Validations 2019-04-02 11:24:27,160 com.qa.dtac.base.BaseTest.preCondtion(BaseTest.java:111) started test executing : searchRole 
com.qa.datc.testscript.Search_Validations 2019-04-02 11:24:32,183 com.qa.dtac.base.BaseTest.postCondition(BaseTest.java:128) Test is FAILED 
com.qa.datc.testscript.Search_Validations 2019-04-02 11:24:32,185 com.qa.dtac.base.BaseTest.closeApplication(BaseTest.java:141) closing browser 
com.qa.datc.testscript.Search_Validations 2019-04-02 11:24:34,616 com.qa.dtac.base.BaseTest.initApplication(BaseTest.java:73)  browser chrome opening... 
com.qa.datc.testscript.Search_Validations 2019-04-02 11:24:39,995 com.qa.dtac.base.BaseTest.preCondtion(BaseTest.java:97) url entered... 
com.qa.datc.testscript.Search_Validations 2019-04-02 11:24:39,996 com.qa.dtac.base.BaseTest.preCondtion(BaseTest.java:111) started test executing : searchRole 
com.qa.datc.testscript.Search_Validations 2019-04-02 11:24:49,276 com.qa.dtac.base.BaseTest.postCondition(BaseTest.java:134) Test is PASSED 
 
com.qa.datc.testscript.Search_Validations 2019-04-02 11:24:49,276 com.qa.dtac.base.BaseTest.closeApplication(BaseTest.java:141) closing browser 
com.qa.datc.testscript.Search_Validations 2019-04-02 11:24:51,483 com.qa.dtac.base.BaseTest.publishReport(BaseTest.java:147) publishing report ./report/02_04_2019_11_23_52.html 
com.qa.datc.testscript.Search 2019-04-02 11:25:49,757 com.qa.dtac.base.BaseTest.init(BaseTest.java:51) ExtentReport Initializing... 
com.qa.datc.testscript.Search 2019-04-02 11:25:50,037 com.qa.dtac.base.BaseTest.initGlobalVar(BaseTest.java:60) Global variables are Initializing... 
com.qa.datc.testscript.Search 2019-04-02 11:25:50,046 com.qa.dtac.base.BaseTest.initApplication(BaseTest.java:73)  browser chrome opening... 
com.qa.datc.testscript.Search 2019-04-02 11:25:58,333 com.qa.dtac.base.BaseTest.preCondtion(BaseTest.java:97) url entered... 
com.qa.datc.testscript.Search 2019-04-02 11:25:58,340 com.qa.dtac.base.BaseTest.preCondtion(BaseTest.java:111) started test executing : searchRole 
com.qa.datc.testscript.Search 2019-04-02 11:26:03,539 com.qa.dtac.base.BaseTest.postCondition(BaseTest.java:128) Test is FAILED 
com.qa.datc.testscript.Search 2019-04-02 11:26:03,542 com.qa.dtac.base.BaseTest.closeApplication(BaseTest.java:141) closing browser 
com.qa.datc.testscript.Search 2019-04-02 11:26:05,704 com.qa.dtac.base.BaseTest.publishReport(BaseTest.java:147) publishing report ./report/02_04_2019_11_25_49.html 
com.qa.datc.testscript.Search 2019-04-02 11:26:57,527 com.qa.dtac.base.BaseTest.init(BaseTest.java:51) ExtentReport Initializing... 
com.qa.datc.testscript.Search 2019-04-02 11:26:57,783 com.qa.dtac.base.BaseTest.initGlobalVar(BaseTest.java:60) Global variables are Initializing... 
com.qa.datc.testscript.Search 2019-04-02 11:26:57,792 com.qa.dtac.base.BaseTest.initApplication(BaseTest.java:73)  browser chrome opening... 
com.qa.datc.testscript.Search 2019-04-02 11:27:03,537 com.qa.dtac.base.BaseTest.preCondtion(BaseTest.java:97) url entered... 
com.qa.datc.testscript.Search 2019-04-02 11:27:03,543 com.qa.dtac.base.BaseTest.preCondtion(BaseTest.java:111) started test executing : searchRole 
com.qa.datc.testscript.Search 2019-04-02 11:27:07,926 com.qa.dtac.base.BaseTest.postCondition(BaseTest.java:134) Test is PASSED 
 
com.qa.datc.testscript.Search 2019-04-02 11:27:07,930 com.qa.dtac.base.BaseTest.closeApplication(BaseTest.java:141) closing browser 
com.qa.datc.testscript.Search 2019-04-02 11:27:08,073 com.qa.dtac.base.BaseTest.publishReport(BaseTest.java:147) publishing report ./report/02_04_2019_11_26_57.html 
com.qa.datc.testscript.Search 2019-04-02 11:30:30,110 com.qa.dtac.base.BaseTest.init(BaseTest.java:51) ExtentReport Initializing... 
com.qa.datc.testscript.Search 2019-04-02 11:30:30,406 com.qa.dtac.base.BaseTest.initGlobalVar(BaseTest.java:60) Global variables are Initializing... 
com.qa.datc.testscript.Search 2019-04-02 11:30:30,418 com.qa.dtac.base.BaseTest.initApplication(BaseTest.java:73)  browser chrome opening... 
com.qa.datc.testscript.Search 2019-04-02 11:30:37,543 com.qa.dtac.base.BaseTest.preCondtion(BaseTest.java:97) url entered... 
com.qa.datc.testscript.Search 2019-04-02 11:30:37,548 com.qa.dtac.base.BaseTest.preCondtion(BaseTest.java:111) started test executing : searchRole 
com.qa.datc.testscript.Search 2019-04-02 11:30:42,821 com.qa.dtac.base.BaseTest.postCondition(BaseTest.java:128) Test is FAILED 
com.qa.datc.testscript.Search 2019-04-02 11:30:42,823 com.qa.dtac.base.BaseTest.closeApplication(BaseTest.java:141) closing browser 
com.qa.datc.testscript.Search 2019-04-02 11:30:45,228 com.qa.dtac.base.BaseTest.publishReport(BaseTest.java:147) publishing report ./report/02_04_2019_11_30_30.html 
